<?xml version="1.0" encoding="UTF-8"?>
<!-- Generated by org.testng.reporters.JUnitXMLReporter -->
<testsuite ignored="0" hostname="Bharath" failures="1" tests="3" name="Test" time="6.52" errors="0" timestamp="2024-04-30T13:21:03 IST">
  <testcase classname="com.application.tests.ApiTest" name="verifyCreateRepoRequest" time="3.562">
    <failure type="java.lang.AssertionError" message="expected [true] but found [false]">
      <![CDATA[java.lang.AssertionError: expected [true] but found [false]
at com.framework.commons.ApiCommons.verifyResponseTime(ApiCommons.java:54)
at com.application.tests.ApiTest.verifyCreateRepoRequest(ApiTest.java:18)
at java.base/java.util.ArrayList.forEach(ArrayList.java:1511)
... Removed 31 stack frames]]>
    </failure>
  </testcase> <!-- verifyCreateRepoRequest -->
  <testcase classname="com.application.tests.ApiTest" name="verifyGetRepoRequest" time="1.758"/>
  <testcase classname="com.application.tests.ApiTest" name="verifyDeleteRepoRequest" time="0.648"/>
</testsuite> <!-- Test -->
